TN:
SF:apps\controllers\index.js
FNF:0
FNH:0
DA:1,0
DA:2,0
DA:4,0
DA:5,0
DA:6,0
DA:8,0
LF:6
LH:0
BRF:0
BRH:0
end_of_record
TN:
SF:apps\controllers\admin\AdminController.js
FN:10,(anonymous_0)
FN:18,(anonymous_1)
FN:28,(anonymous_2)
FN:51,(anonymous_3)
FN:71,(anonymous_4)
FN:82,(anonymous_5)
FN:103,(anonymous_6)
FN:107,(anonymous_7)
FN:143,(anonymous_8)
FN:155,(anonymous_9)
FN:201,(anonymous_10)
FN:211,(anonymous_11)
FN:234,(anonymous_12)
FN:248,(anonymous_13)
FN:270,(anonymous_14)
FN:274,(anonymous_15)
FN:318,(anonymous_16)
FN:339,(anonymous_17)
FNF:18
FNH:0
FNDA:0,(anonymous_0)
FNDA:0,(anonymous_1)
FNDA:0,(anonymous_2)
FNDA:0,(anonymous_3)
FNDA:0,(anonymous_4)
FNDA:0,(anonymous_5)
FNDA:0,(anonymous_6)
FNDA:0,(anonymous_7)
FNDA:0,(anonymous_8)
FNDA:0,(anonymous_9)
FNDA:0,(anonymous_10)
FNDA:0,(anonymous_11)
FNDA:0,(anonymous_12)
FNDA:0,(anonymous_13)
FNDA:0,(anonymous_14)
FNDA:0,(anonymous_15)
FNDA:0,(anonymous_16)
FNDA:0,(anonymous_17)
DA:1,0
DA:2,0
DA:3,0
DA:4,0
DA:6,0
DA:9,0
DA:10,0
DA:11,0
DA:12,0
DA:14,0
DA:18,0
DA:19,0
DA:20,0
DA:21,0
DA:22,0
DA:23,0
DA:25,0
DA:28,0
DA:29,0
DA:30,0
DA:31,0
DA:42,0
DA:43,0
DA:51,0
DA:52,0
DA:53,0
DA:54,0
DA:55,0
DA:63,0
DA:64,0
DA:71,0
DA:72,0
DA:73,0
DA:74,0
DA:75,0
DA:77,0
DA:78,0
DA:82,0
DA:83,0
DA:84,0
DA:85,0
DA:86,0
DA:95,0
DA:96,0
DA:103,0
DA:104,0
DA:107,0
DA:108,0
DA:109,0
DA:110,0
DA:111,0
DA:117,0
DA:118,0
DA:119,0
DA:125,0
DA:126,0
DA:127,0
DA:133,0
DA:134,0
DA:136,0
DA:137,0
DA:143,0
DA:144,0
DA:145,0
DA:146,0
DA:147,0
DA:149,0
DA:151,0
DA:155,0
DA:156,0
DA:157,0
DA:158,0
DA:159,0
DA:161,0
DA:162,0
DA:163,0
DA:165,0
DA:166,0
DA:167,0
DA:173,0
DA:174,0
DA:175,0
DA:181,0
DA:182,0
DA:183,0
DA:189,0
DA:190,0
DA:192,0
DA:193,0
DA:201,0
DA:202,0
DA:203,0
DA:204,0
DA:206,0
DA:211,0
DA:212,0
DA:213,0
DA:214,0
DA:215,0
DA:223,0
DA:224,0
DA:234,0
DA:235,0
DA:236,0
DA:237,0
DA:238,0
DA:240,0
DA:241,0
DA:243,0
DA:244,0
DA:248,0
DA:249,0
DA:250,0
DA:251,0
DA:252,0
DA:262,0
DA:263,0
DA:270,0
DA:271,0
DA:274,0
DA:275,0
DA:276,0
DA:277,0
DA:278,0
DA:284,0
DA:285,0
DA:286,0
DA:292,0
DA:293,0
DA:299,0
DA:300,0
DA:306,0
DA:307,0
DA:309,0
DA:310,0
DA:318,0
DA:319,0
DA:320,0
DA:321,0
DA:322,0
DA:331,0
DA:332,0
DA:339,0
DA:340,0
DA:341,0
DA:342,0
DA:343,0
DA:345,0
DA:346,0
DA:347,0
DA:349,0
DA:356,0
DA:357,0
DA:361,0
LF:154
LH:0
BRDA:11,0,0,0
BRDA:11,0,1,0
BRDA:11,1,0,0
BRDA:11,1,1,0
BRDA:19,2,0,0
BRDA:19,2,1,0
BRDA:21,3,0,0
BRDA:21,3,1,0
BRDA:21,3,2,0
BRDA:22,4,0,0
BRDA:22,4,1,0
BRDA:22,5,0,0
BRDA:22,5,1,0
BRDA:22,5,2,0
BRDA:53,6,0,0
BRDA:60,7,0,0
BRDA:60,7,1,0
BRDA:84,8,0,0
BRDA:92,9,0,0
BRDA:92,9,1,0
BRDA:110,10,0,0
BRDA:110,10,1,0
BRDA:110,11,0,0
BRDA:110,11,1,0
BRDA:118,12,0,0
BRDA:118,12,1,0
BRDA:118,13,0,0
BRDA:118,13,1,0
BRDA:125,14,0,0
BRDA:125,14,1,0
BRDA:126,15,0,0
BRDA:126,15,1,0
BRDA:146,16,0,0
BRDA:146,16,1,0
BRDA:158,17,0,0
BRDA:158,17,1,0
BRDA:162,18,0,0
BRDA:162,18,1,0
BRDA:166,19,0,0
BRDA:166,19,1,0
BRDA:166,20,0,0
BRDA:166,20,1,0
BRDA:174,21,0,0
BRDA:174,21,1,0
BRDA:174,22,0,0
BRDA:174,22,1,0
BRDA:181,23,0,0
BRDA:181,23,1,0
BRDA:182,24,0,0
BRDA:182,24,1,0
BRDA:220,25,0,0
BRDA:220,25,1,0
BRDA:237,26,0,0
BRDA:237,26,1,0
BRDA:237,27,0,0
BRDA:237,27,1,0
BRDA:250,28,0,0
BRDA:259,29,0,0
BRDA:259,29,1,0
BRDA:277,30,0,0
BRDA:277,30,1,0
BRDA:277,31,0,0
BRDA:277,31,1,0
BRDA:277,31,2,0
BRDA:285,32,0,0
BRDA:285,32,1,0
BRDA:292,33,0,0
BRDA:292,33,1,0
BRDA:299,34,0,0
BRDA:299,34,1,0
BRDA:299,35,0,0
BRDA:299,35,1,0
BRDA:312,36,0,0
BRDA:312,36,1,0
BRDA:320,37,0,0
BRDA:342,38,0,0
BRDA:342,38,1,0
BRDA:346,39,0,0
BRDA:346,39,1,0
BRF:79
BRH:0
end_of_record
TN:
SF:apps\controllers\auth\AuthController.js
FN:8,(anonymous_0)
FN:18,(anonymous_1)
FN:25,(anonymous_2)
FN:45,(anonymous_3)
FN:52,(anonymous_4)
FN:61,(anonymous_5)
FNF:6
FNH:6
FNDA:12,(anonymous_0)
FNDA:11,(anonymous_1)
FNDA:4,(anonymous_2)
FNDA:2,(anonymous_3)
FNDA:2,(anonymous_4)
FNDA:2,(anonymous_5)
DA:1,1
DA:2,1
DA:3,1
DA:5,1
DA:8,1
DA:9,12
DA:10,12
DA:11,12
DA:12,12
DA:13,4
DA:15,8
DA:18,1
DA:19,11
DA:20,2
DA:22,9
DA:25,1
DA:26,4
DA:27,4
DA:28,4
DA:30,2
DA:36,2
DA:38,2
DA:39,1
DA:41,2
DA:45,1
DA:46,2
DA:47,1
DA:49,1
DA:52,1
DA:53,2
DA:54,2
DA:55,1
DA:57,1
DA:61,1
DA:62,2
DA:63,2
DA:64,2
DA:65,1
DA:66,1
DA:70,2
DA:73,1
LF:41
LH:41
BRDA:9,0,0,0
BRDA:9,0,1,12
BRDA:11,1,0,12
BRDA:11,1,1,3
BRDA:11,1,2,3
BRDA:12,2,0,4
BRDA:12,2,1,8
BRDA:12,3,0,12
BRDA:12,3,1,8
BRDA:12,3,2,8
BRDA:19,4,0,2
BRDA:19,4,1,9
BRDA:20,5,0,1
BRDA:20,5,1,1
BRDA:38,6,0,1
BRDA:38,6,1,1
BRDA:46,7,0,1
BRDA:46,7,1,1
BRDA:47,8,0,0
BRDA:47,8,1,1
BRF:20
BRH:18
end_of_record
TN:
SF:apps\controllers\auth\auth.middleware.js
FN:3,(anonymous_0)
FN:22,(anonymous_1)
FN:23,(anonymous_2)
FNF:3
FNH:0
FNDA:0,(anonymous_0)
FNDA:0,(anonymous_1)
FNDA:0,(anonymous_2)
DA:1,0
DA:3,0
DA:4,0
DA:6,0
DA:7,0
DA:10,0
DA:11,0
DA:12,0
DA:14,0
DA:15,0
DA:17,0
DA:18,0
DA:22,0
DA:23,0
DA:24,0
DA:25,0
DA:27,0
LF:17
LH:0
BRDA:6,0,0,0
BRDA:6,0,1,0
BRDA:24,1,0,0
BRDA:24,1,1,0
BRDA:24,2,0,0
BRDA:24,2,1,0
BRF:6
BRH:0
end_of_record
TN:
SF:apps\controllers\home\HomeController.js
FN:9,(anonymous_0)
FN:20,(anonymous_1)
FN:27,(anonymous_2)
FN:46,(anonymous_3)
FN:58,(anonymous_4)
FN:67,(anonymous_5)
FN:89,(anonymous_6)
FN:106,(anonymous_7)
FN:112,(anonymous_8)
FN:124,(anonymous_9)
FN:128,(anonymous_10)
FN:137,(anonymous_11)
FN:157,(anonymous_12)
FN:169,(anonymous_13)
FN:181,(anonymous_14)
FN:191,(anonymous_15)
FN:205,(anonymous_16)
FNF:17
FNH:0
FNDA:0,(anonymous_0)
FNDA:0,(anonymous_1)
FNDA:0,(anonymous_2)
FNDA:0,(anonymous_3)
FNDA:0,(anonymous_4)
FNDA:0,(anonymous_5)
FNDA:0,(anonymous_6)
FNDA:0,(anonymous_7)
FNDA:0,(anonymous_8)
FNDA:0,(anonymous_9)
FNDA:0,(anonymous_10)
FNDA:0,(anonymous_11)
FNDA:0,(anonymous_12)
FNDA:0,(anonymous_13)
FNDA:0,(anonymous_14)
FNDA:0,(anonymous_15)
FNDA:0,(anonymous_16)
DA:1,0
DA:2,0
DA:3,0
DA:4,0
DA:6,0
DA:9,0
DA:10,0
DA:11,0
DA:12,0
DA:13,0
DA:14,0
DA:16,0
DA:20,0
DA:21,0
DA:24,0
DA:25,0
DA:27,0
DA:28,0
DA:29,0
DA:30,0
DA:31,0
DA:37,0
DA:38,0
DA:46,0
DA:47,0
DA:48,0
DA:49,0
DA:54,0
DA:58,0
DA:59,0
DA:60,0
DA:61,0
DA:63,0
DA:67,0
DA:68,0
DA:69,0
DA:70,0
DA:71,0
DA:73,0
DA:74,0
DA:75,0
DA:78,0
DA:85,0
DA:89,0
DA:90,0
DA:91,0
DA:92,0
DA:94,0
DA:95,0
DA:96,0
DA:106,0
DA:107,0
DA:108,0
DA:111,0
DA:112,0
DA:113,0
DA:114,0
DA:115,0
DA:116,0
DA:118,0
DA:120,0
DA:124,0
DA:125,0
DA:128,0
DA:129,0
DA:130,0
DA:131,0
DA:133,0
DA:137,0
DA:138,0
DA:139,0
DA:140,0
DA:141,0
DA:144,0
DA:145,0
DA:148,0
DA:149,0
DA:150,0
DA:152,0
DA:157,0
DA:158,0
DA:159,0
DA:160,0
DA:161,0
DA:162,0
DA:163,0
DA:165,0
DA:169,0
DA:170,0
DA:171,0
DA:172,0
DA:173,0
DA:175,0
DA:177,0
DA:181,0
DA:182,0
DA:183,0
DA:184,0
DA:186,0
DA:191,0
DA:192,0
DA:193,0
DA:194,0
DA:195,0
DA:197,0
DA:198,0
DA:200,0
DA:205,0
DA:206,0
DA:209,0
LF:110
LH:0
BRDA:10,0,0,0
BRDA:10,0,1,0
BRDA:12,1,0,0
BRDA:12,1,1,0
BRDA:12,1,2,0
BRDA:13,2,0,0
BRDA:13,2,1,0
BRDA:13,3,0,0
BRDA:13,3,1,0
BRDA:13,3,2,0
BRDA:29,4,0,0
BRDA:29,4,1,0
BRDA:29,5,0,0
BRDA:29,5,1,0
BRDA:29,6,0,0
BRDA:29,6,1,0
BRDA:74,7,0,0
BRDA:74,7,1,0
BRDA:82,8,0,0
BRDA:82,8,1,0
BRDA:108,9,0,0
BRDA:108,9,1,0
BRDA:108,10,0,0
BRDA:108,10,1,0
BRDA:109,11,0,0
BRDA:109,11,1,0
BRDA:114,12,0,0
BRDA:114,12,1,0
BRDA:141,13,0,0
BRDA:141,13,1,0
BRDA:144,14,0,0
BRDA:144,14,1,0
BRDA:144,15,0,0
BRDA:144,15,1,0
BRDA:194,16,0,0
BRDA:194,16,1,0
BRF:36
BRH:0
end_of_record
TN:
SF:apps\middleware\csrf.js
FN:4,(anonymous_0)
FNF:1
FNH:0
FNDA:0,(anonymous_0)
DA:1,0
DA:4,0
DA:5,0
DA:6,0
DA:9,0
DA:10,0
DA:11,0
DA:12,0
DA:14,0
DA:16,0
DA:17,0
DA:18,0
DA:24,0
DA:27,0
DA:30,0
LF:15
LH:0
BRDA:5,0,0,0
BRDA:5,0,1,0
BRDA:12,1,0,0
BRDA:12,1,1,0
BRDA:12,1,2,0
BRDA:14,2,0,0
BRDA:14,2,1,0
BRDA:16,3,0,0
BRDA:16,3,1,0
BRDA:16,4,0,0
BRDA:16,4,1,0
BRF:11
BRH:0
end_of_record
TN:
SF:apps\models\Appointment.js
FNF:0
FNH:0
DA:1,8
DA:3,8
LF:2
LH:2
BRF:0
BRH:0
end_of_record
TN:
SF:apps\models\Child.js
FNF:0
FNH:0
DA:1,8
DA:3,8
LF:2
LH:2
BRF:0
BRH:0
end_of_record
TN:
SF:apps\models\DailySlotConfig.js
FNF:0
FNH:0
DA:1,8
DA:3,8
LF:2
LH:2
BRF:0
BRH:0
end_of_record
TN:
SF:apps\models\Notification.js
FNF:0
FNH:0
DA:1,8
DA:3,8
LF:2
LH:2
BRF:0
BRH:0
end_of_record
TN:
SF:apps\models\User.js
FNF:0
FNH:0
DA:1,8
DA:3,8
LF:2
LH:2
BRF:0
BRH:0
end_of_record
TN:
SF:apps\models\Vaccine.js
FNF:0
FNH:0
DA:1,8
DA:3,8
LF:2
LH:2
BRF:0
BRH:0
end_of_record
TN:
SF:apps\models\data-source.js
FNF:0
FNH:0
DA:1,8
DA:2,8
DA:5,8
DA:6,8
DA:7,8
DA:8,8
DA:9,8
DA:10,8
DA:12,8
DA:26,8
LF:10
LH:10
BRDA:14,0,0,8
BRDA:14,0,1,0
BRDA:16,1,0,8
BRDA:16,1,1,0
BRDA:17,2,0,8
BRDA:17,2,1,8
BRDA:18,3,0,8
BRDA:18,3,1,0
BRF:8
BRH:5
end_of_record
TN:
SF:apps\repositories\AppointmentRepository.js
FN:5,(anonymous_0)
FN:10,(anonymous_1)
FN:14,(anonymous_2)
FN:21,(anonymous_3)
FN:29,(anonymous_4)
FN:41,(anonymous_5)
FN:50,(anonymous_6)
FN:61,(anonymous_7)
FN:67,(anonymous_8)
FN:76,(anonymous_9)
FN:85,(anonymous_10)
FN:91,(anonymous_11)
FN:96,(anonymous_12)
FN:105,(anonymous_13)
FN:113,(anonymous_14)
FNF:15
FNH:15
FNDA:17,(anonymous_0)
FNDA:1,(anonymous_1)
FNDA:2,(anonymous_2)
FNDA:1,(anonymous_3)
FNDA:2,(anonymous_4)
FNDA:1,(anonymous_5)
FNDA:1,(anonymous_6)
FNDA:1,(anonymous_7)
FNDA:1,(anonymous_8)
FNDA:1,(anonymous_9)
FNDA:1,(anonymous_10)
FNDA:1,(anonymous_11)
FNDA:2,(anonymous_12)
FNDA:1,(anonymous_13)
FNDA:1,(anonymous_14)
DA:1,1
DA:2,1
DA:6,17
DA:7,17
DA:11,1
DA:15,2
DA:22,1
DA:30,2
DA:31,1
DA:42,1
DA:51,1
DA:52,1
DA:62,1
DA:68,1
DA:69,1
DA:77,1
DA:78,1
DA:86,1
DA:87,1
DA:88,1
DA:92,1
DA:93,1
DA:97,2
DA:98,2
DA:99,2
DA:100,1
DA:102,1
DA:106,1
DA:114,1
DA:124,1
LF:30
LH:30
BRDA:5,0,0,17
BRDA:6,1,0,17
BRDA:6,1,1,0
BRDA:30,2,0,1
BRDA:30,2,1,1
BRDA:30,3,0,2
BRDA:30,3,1,2
BRDA:99,4,0,1
BRDA:99,4,1,1
BRF:9
BRH:8
end_of_record
TN:
SF:apps\repositories\ChildRepository.js
FN:5,(anonymous_0)
FN:10,(anonymous_1)
FN:14,(anonymous_2)
FN:21,(anonymous_3)
FN:28,(anonymous_4)
FN:37,(anonymous_5)
FN:47,(anonymous_6)
FN:56,(anonymous_7)
FN:64,(anonymous_8)
FN:70,(anonymous_9)
FN:75,(anonymous_10)
FNF:11
FNH:11
FNDA:14,(anonymous_0)
FNDA:1,(anonymous_1)
FNDA:2,(anonymous_2)
FNDA:1,(anonymous_3)
FNDA:2,(anonymous_4)
FNDA:1,(anonymous_5)
FNDA:1,(anonymous_6)
FNDA:2,(anonymous_7)
FNDA:1,(anonymous_8)
FNDA:1,(anonymous_9)
FNDA:2,(anonymous_10)
DA:1,1
DA:2,1
DA:6,14
DA:7,14
DA:11,1
DA:15,2
DA:22,1
DA:29,2
DA:30,1
DA:38,1
DA:48,1
DA:57,2
DA:58,2
DA:59,1
DA:61,1
DA:65,1
DA:66,1
DA:67,1
DA:71,1
DA:72,1
DA:76,2
DA:77,2
DA:78,2
DA:79,1
DA:81,1
DA:85,1
LF:26
LH:26
BRDA:5,0,0,14
BRDA:6,1,0,14
BRDA:6,1,1,0
BRDA:29,2,0,1
BRDA:29,2,1,1
BRDA:29,3,0,2
BRDA:29,3,1,2
BRDA:37,4,0,0
BRDA:37,5,0,0
BRDA:47,6,0,0
BRDA:47,7,0,0
BRDA:56,8,0,1
BRDA:58,9,0,1
BRDA:58,9,1,1
BRDA:78,10,0,1
BRDA:78,10,1,1
BRF:16
BRH:11
end_of_record
TN:
SF:apps\repositories\DailySlotConfigRepository.js
FN:5,(anonymous_0)
FN:10,(anonymous_1)
FN:14,(anonymous_2)
FN:20,(anonymous_3)
FN:27,(anonymous_4)
FN:38,(anonymous_5)
FNF:6
FNH:6
FNDA:8,(anonymous_0)
FNDA:1,(anonymous_1)
FNDA:2,(anonymous_2)
FNDA:1,(anonymous_3)
FNDA:2,(anonymous_4)
FNDA:2,(anonymous_5)
DA:1,1
DA:2,1
DA:6,8
DA:7,8
DA:11,1
DA:15,2
DA:21,1
DA:28,2
DA:29,2
DA:30,2
DA:31,1
DA:33,1
DA:35,2
DA:39,2
DA:40,2
DA:41,2
DA:42,1
DA:44,1
DA:48,1
LF:19
LH:19
BRDA:5,0,0,8
BRDA:6,1,0,8
BRDA:6,1,1,0
BRDA:30,2,0,1
BRDA:30,2,1,1
BRDA:41,3,0,1
BRDA:41,3,1,1
BRF:7
BRH:6
end_of_record
TN:
SF:apps\repositories\NotificationRepository.js
FN:4,(anonymous_0)
FN:9,(anonymous_1)
FN:13,(anonymous_2)
FN:20,(anonymous_3)
FN:28,(anonymous_4)
FN:34,(anonymous_5)
FN:40,(anonymous_6)
FN:50,(anonymous_7)
FN:55,(anonymous_8)
FNF:9
FNH:9
FNDA:12,(anonymous_0)
FNDA:1,(anonymous_1)
FNDA:2,(anonymous_2)
FNDA:2,(anonymous_3)
FNDA:1,(anonymous_4)
FNDA:1,(anonymous_5)
FNDA:2,(anonymous_6)
FNDA:1,(anonymous_7)
FNDA:2,(anonymous_8)
DA:1,1
DA:5,12
DA:6,12
DA:10,1
DA:14,2
DA:21,2
DA:29,1
DA:35,1
DA:36,1
DA:37,1
DA:41,2
DA:42,2
DA:43,2
DA:44,1
DA:45,1
DA:47,1
DA:51,1
DA:52,1
DA:56,2
DA:57,2
DA:58,2
DA:59,1
DA:61,1
DA:65,1
LF:24
LH:24
BRDA:4,0,0,12
BRDA:5,1,0,12
BRDA:5,1,1,0
BRDA:20,2,0,1
BRDA:43,3,0,1
BRDA:43,3,1,1
BRDA:58,4,0,1
BRDA:58,4,1,1
BRF:8
BRH:7
end_of_record
TN:
SF:apps\repositories\UserRepository.js
FN:5,(anonymous_0)
FN:10,(anonymous_1)
FN:14,(anonymous_2)
FN:21,(anonymous_3)
FN:25,(anonymous_4)
FN:29,(anonymous_5)
FN:35,(anonymous_6)
FN:39,(anonymous_7)
FN:54,(anonymous_8)
FN:62,(anonymous_9)
FN:68,(anonymous_10)
FN:73,(anonymous_11)
FNF:12
FNH:12
FNDA:17,(anonymous_0)
FNDA:1,(anonymous_1)
FNDA:2,(anonymous_2)
FNDA:1,(anonymous_3)
FNDA:1,(anonymous_4)
FNDA:2,(anonymous_5)
FNDA:1,(anonymous_6)
FNDA:3,(anonymous_7)
FNDA:2,(anonymous_8)
FNDA:1,(anonymous_9)
FNDA:1,(anonymous_10)
FNDA:2,(anonymous_11)
DA:1,1
DA:2,1
DA:6,17
DA:7,17
DA:11,1
DA:15,2
DA:22,1
DA:26,1
DA:30,2
DA:36,1
DA:40,3
DA:41,3
DA:42,3
DA:43,3
DA:45,3
DA:55,2
DA:56,2
DA:57,2
DA:58,2
DA:59,2
DA:63,1
DA:64,1
DA:65,1
DA:69,1
DA:70,1
DA:74,2
DA:75,2
DA:76,2
DA:77,1
DA:79,1
DA:83,1
LF:31
LH:31
BRDA:5,0,0,17
BRDA:6,1,0,17
BRDA:6,1,1,0
BRDA:39,2,0,0
BRDA:39,3,0,0
BRDA:39,4,0,1
BRDA:39,5,0,2
BRDA:42,6,0,1
BRDA:42,6,1,2
BRDA:43,7,0,1
BRDA:43,7,1,2
BRDA:54,8,0,1
BRDA:54,9,0,2
BRDA:57,10,0,1
BRDA:57,10,1,1
BRDA:58,11,0,0
BRDA:58,11,1,2
BRDA:76,12,0,1
BRDA:76,12,1,1
BRF:19
BRH:15
end_of_record
TN:
SF:apps\repositories\VaccineRepository.js
FN:5,(anonymous_0)
FN:10,(anonymous_1)
FN:14,(anonymous_2)
FN:18,(anonymous_3)
FN:26,(anonymous_4)
FN:35,(anonymous_5)
FN:43,(anonymous_6)
FN:49,(anonymous_7)
FN:54,(anonymous_8)
FN:63,(anonymous_9)
FNF:10
FNH:10
FNDA:14,(anonymous_0)
FNDA:1,(anonymous_1)
FNDA:2,(anonymous_2)
FNDA:2,(anonymous_3)
FNDA:1,(anonymous_4)
FNDA:2,(anonymous_5)
FNDA:1,(anonymous_6)
FNDA:1,(anonymous_7)
FNDA:2,(anonymous_8)
FNDA:2,(anonymous_9)
DA:1,1
DA:2,1
DA:6,14
DA:7,14
DA:11,1
DA:15,2
DA:19,2
DA:27,1
DA:36,2
DA:37,2
DA:38,1
DA:40,1
DA:44,1
DA:45,1
DA:46,1
DA:50,1
DA:51,1
DA:55,2
DA:56,2
DA:57,2
DA:58,1
DA:60,1
DA:64,2
DA:72,1
LF:24
LH:24
BRDA:5,0,0,14
BRDA:6,1,0,14
BRDA:6,1,1,0
BRDA:18,2,0,0
BRDA:18,3,0,0
BRDA:26,4,0,0
BRDA:26,5,0,0
BRDA:35,6,0,1
BRDA:37,7,0,1
BRDA:37,7,1,1
BRDA:57,8,0,1
BRDA:57,8,1,1
BRDA:63,9,0,1
BRF:13
BRH:8
end_of_record
TN:
SF:apps\scheduler\notificationScheduler.js
FN:5,(anonymous_0)
FN:6,(anonymous_1)
FNF:2
FNH:2
FNDA:10,(anonymous_0)
FNDA:10,(anonymous_1)
DA:1,1
DA:2,1
DA:3,1
DA:5,1
DA:6,10
DA:7,10
DA:9,10
DA:10,10
DA:11,10
DA:12,10
DA:14,10
DA:23,9
DA:25,9
DA:27,9
DA:29,11
DA:30,3
DA:31,3
DA:33,8
DA:34,8
DA:35,8
DA:38,8
DA:39,1
DA:40,1
DA:44,7
DA:45,7
DA:51,6
DA:53,1
DA:57,7
DA:58,7
DA:64,1
DA:68,9
DA:70,1
DA:74,10
DA:77,1
LF:34
LH:34
BRDA:29,0,0,3
BRDA:29,0,1,8
BRDA:29,1,0,11
BRDA:29,1,1,9
BRDA:35,2,0,7
BRDA:35,2,1,1
BRDA:38,3,0,1
BRDA:38,3,1,7
BRF:8
BRH:8
end_of_record
TN:
SF:apps\services\AdminService.js
FN:11,(anonymous_0)
FN:19,(anonymous_1)
FN:29,(anonymous_2)
FN:59,(anonymous_3)
FN:70,(anonymous_4)
FN:133,(anonymous_5)
FN:151,(anonymous_6)
FN:155,(anonymous_7)
FN:168,(anonymous_8)
FN:182,(anonymous_9)
FN:187,(anonymous_10)
FN:211,(anonymous_11)
FN:228,(anonymous_12)
FN:242,(anonymous_13)
FN:260,(anonymous_14)
FN:282,(anonymous_15)
FN:300,(anonymous_16)
FNF:17
FNH:15
FNDA:0,(anonymous_0)
FNDA:0,(anonymous_1)
FNDA:2,(anonymous_2)
FNDA:3,(anonymous_3)
FNDA:7,(anonymous_4)
FNDA:3,(anonymous_5)
FNDA:1,(anonymous_6)
FNDA:2,(anonymous_7)
FNDA:2,(anonymous_8)
FNDA:1,(anonymous_9)
FNDA:5,(anonymous_10)
FNDA:60,(anonymous_11)
FNDA:4,(anonymous_12)
FNDA:4,(anonymous_13)
FNDA:3,(anonymous_14)
FNDA:3,(anonymous_15)
FNDA:2,(anonymous_16)
DA:1,1
DA:2,1
DA:3,1
DA:4,1
DA:5,1
DA:6,1
DA:7,1
DA:8,1
DA:9,1
DA:11,1
DA:12,0
DA:19,1
DA:20,0
DA:30,2
DA:31,2
DA:33,2
DA:34,2
DA:36,2
DA:37,2
DA:39,2
DA:48,2
DA:60,3
DA:61,3
DA:62,3
DA:64,3
DA:65,3
DA:67,3
DA:71,7
DA:72,7
DA:73,7
DA:75,6
DA:76,6
DA:78,5
DA:79,5
DA:80,5
DA:83,5
DA:84,5
DA:86,5
DA:87,1
DA:88,1
DA:89,1
DA:91,5
DA:92,5
DA:93,5
DA:94,5
DA:97,5
DA:98,5
DA:99,5
DA:101,5
DA:102,3
DA:105,2
DA:110,2
DA:111,1
DA:116,1
DA:117,1
DA:125,1
DA:129,5
DA:134,3
DA:135,3
DA:136,3
DA:139,3
DA:140,1
DA:141,1
DA:143,2
DA:144,2
DA:147,3
DA:148,3
DA:152,1
DA:156,2
DA:157,2
DA:165,2
DA:169,2
DA:170,2
DA:171,2
DA:173,1
DA:174,1
DA:175,1
DA:176,1
DA:177,1
DA:178,1
DA:179,1
DA:183,1
DA:188,5
DA:189,5
DA:190,5
DA:192,5
DA:193,1
DA:195,5
DA:196,1
DA:199,5
DA:200,5
DA:202,5
DA:203,5
DA:205,5
DA:206,5
DA:207,5
DA:209,5
DA:210,153
DA:211,153
DA:212,60
DA:213,60
DA:215,153
DA:225,5
DA:229,4
DA:230,4
DA:231,1
DA:233,3
DA:234,3
DA:235,2
DA:237,1
DA:238,1
DA:243,4
DA:244,4
DA:245,4
DA:248,4
DA:249,2
DA:250,2
DA:252,2
DA:253,2
DA:256,4
DA:257,4
DA:261,3
DA:264,3
DA:265,3
DA:266,1
DA:269,2
DA:270,2
DA:278,2
DA:283,3
DA:284,3
DA:285,3
DA:288,3
DA:289,1
DA:290,1
DA:292,2
DA:293,2
DA:296,3
DA:297,3
DA:301,2
DA:302,2
DA:303,2
DA:305,1
DA:306,1
DA:307,1
DA:311,1
LF:145
LH:143
BRDA:59,0,0,3
BRDA:60,1,0,3
BRDA:60,1,1,0
BRDA:73,2,0,1
BRDA:73,2,1,6
BRDA:76,3,0,1
BRDA:76,3,1,5
BRDA:86,4,0,1
BRDA:86,4,1,4
BRDA:86,5,0,5
BRDA:86,5,1,5
BRDA:92,6,0,5
BRDA:92,6,1,0
BRDA:94,7,0,4
BRDA:94,7,1,1
BRDA:94,8,0,5
BRDA:94,8,1,4
BRDA:97,9,0,4
BRDA:97,9,1,1
BRDA:101,10,0,3
BRDA:101,10,1,2
BRDA:110,11,0,1
BRDA:110,11,1,1
BRDA:116,12,0,1
BRDA:116,12,1,0
BRDA:133,13,0,3
BRDA:134,14,0,3
BRDA:134,14,1,0
BRDA:139,15,0,1
BRDA:139,15,1,2
BRDA:161,16,0,2
BRDA:161,16,1,1
BRDA:162,17,0,1
BRDA:162,17,1,1
BRDA:171,18,0,1
BRDA:171,18,1,1
BRDA:176,19,0,1
BRDA:176,19,1,0
BRDA:177,20,0,0
BRDA:177,20,1,1
BRDA:192,21,0,1
BRDA:192,21,1,4
BRDA:192,22,0,5
BRDA:192,22,1,5
BRDA:192,22,2,5
BRDA:195,23,0,1
BRDA:195,23,1,4
BRDA:195,24,0,5
BRDA:195,24,1,5
BRDA:195,24,2,4
BRDA:219,25,0,2
BRDA:219,25,1,151
BRDA:230,26,0,1
BRDA:230,26,1,3
BRDA:234,27,0,2
BRDA:234,27,1,1
BRDA:234,28,0,3
BRDA:234,28,1,3
BRDA:234,28,2,2
BRDA:242,29,0,4
BRDA:243,30,0,4
BRDA:243,30,1,0
BRDA:248,31,0,2
BRDA:248,31,1,2
BRDA:248,32,0,4
BRDA:248,32,1,3
BRDA:249,33,0,2
BRDA:249,33,1,1
BRDA:249,34,0,2
BRDA:249,34,1,1
BRDA:250,35,0,2
BRDA:250,35,1,1
BRDA:250,36,0,2
BRDA:250,36,1,1
BRDA:257,37,0,4
BRDA:257,37,1,3
BRDA:257,38,0,4
BRDA:257,38,1,3
BRDA:265,39,0,1
BRDA:265,39,1,2
BRDA:276,40,0,2
BRDA:276,40,1,1
BRDA:282,41,0,3
BRDA:283,42,0,3
BRDA:283,42,1,1
BRDA:288,43,0,1
BRDA:288,43,1,2
BRDA:297,44,0,3
BRDA:297,44,1,2
BRDA:303,45,0,1
BRDA:303,45,1,1
BRF:91
BRH:84
end_of_record
TN:
SF:apps\services\AuthService.js
FN:6,(anonymous_0)
FN:14,(anonymous_1)
FN:23,(anonymous_2)
FN:43,(anonymous_3)
FN:79,(anonymous_4)
FN:90,(anonymous_5)
FN:99,(anonymous_6)
FNF:7
FNH:5
FNDA:1,(anonymous_0)
FNDA:1,(anonymous_1)
FNDA:2,(anonymous_2)
FNDA:2,(anonymous_3)
FNDA:0,(anonymous_4)
FNDA:2,(anonymous_5)
FNDA:0,(anonymous_6)
DA:1,1
DA:2,1
DA:3,1
DA:4,1
DA:6,1
DA:7,1
DA:14,1
DA:15,1
DA:24,2
DA:25,1
DA:28,1
DA:29,1
DA:30,1
DA:31,0
DA:34,1
DA:35,1
DA:37,1
DA:38,1
DA:40,1
DA:44,2
DA:45,0
DA:48,2
DA:49,0
DA:52,2
DA:53,2
DA:54,1
DA:57,1
DA:58,0
DA:61,1
DA:62,1
DA:63,1
DA:64,0
DA:67,1
DA:68,1
DA:76,1
DA:80,0
DA:82,0
DA:83,0
DA:84,0
DA:85,0
DA:86,0
DA:91,2
DA:92,2
DA:93,1
DA:95,1
DA:100,0
DA:101,0
DA:102,0
DA:103,0
DA:104,0
DA:105,0
DA:107,0
DA:108,0
DA:110,0
DA:115,1
LF:55
LH:35
BRDA:24,0,0,1
BRDA:24,0,1,1
BRDA:24,1,0,2
BRDA:24,1,1,1
BRDA:30,2,0,0
BRDA:30,2,1,1
BRDA:30,3,0,1
BRDA:30,3,1,1
BRDA:44,4,0,0
BRDA:44,4,1,2
BRDA:44,5,0,2
BRDA:44,5,1,2
BRDA:44,5,2,2
BRDA:48,6,0,0
BRDA:48,6,1,2
BRDA:53,7,0,1
BRDA:53,7,1,1
BRDA:57,8,0,0
BRDA:57,8,1,1
BRDA:57,9,0,1
BRDA:57,9,1,0
BRDA:63,10,0,0
BRDA:63,10,1,1
BRDA:72,11,0,1
BRDA:72,11,1,1
BRDA:73,12,0,1
BRDA:73,12,1,1
BRDA:80,13,0,0
BRDA:80,13,1,0
BRDA:84,14,0,0
BRDA:84,14,1,0
BRDA:104,15,0,0
BRDA:104,15,1,0
BRDA:104,16,0,0
BRDA:104,16,1,0
BRF:35
BRH:21
end_of_record
TN:
SF:apps\services\HomeService.js
FN:9,(anonymous_0)
FN:16,(anonymous_1)
FN:16,(anonymous_2)
FN:21,(anonymous_3)
FN:25,(anonymous_4)
FN:29,(anonymous_5)
FN:49,(anonymous_6)
FN:56,(anonymous_7)
FN:61,(anonymous_8)
FN:77,(anonymous_9)
FN:85,(anonymous_10)
FN:90,(anonymous_11)
FN:108,(anonymous_12)
FN:109,(anonymous_13)
FN:112,(anonymous_14)
FN:119,(anonymous_15)
FN:131,(anonymous_16)
FN:161,(anonymous_17)
FN:192,(anonymous_18)
FN:195,(anonymous_19)
FN:204,(anonymous_20)
FN:208,(anonymous_21)
FN:215,(anonymous_22)
FNF:23
FNH:23
FNDA:11,(anonymous_0)
FNDA:8,(anonymous_1)
FNDA:5,(anonymous_2)
FNDA:5,(anonymous_3)
FNDA:4,(anonymous_4)
FNDA:4,(anonymous_5)
FNDA:4,(anonymous_6)
FNDA:1,(anonymous_7)
FNDA:6,(anonymous_8)
FNDA:2,(anonymous_9)
FNDA:1,(anonymous_10)
FNDA:9,(anonymous_11)
FNDA:2,(anonymous_12)
FNDA:2,(anonymous_13)
FNDA:9,(anonymous_14)
FNDA:11,(anonymous_15)
FNDA:12,(anonymous_16)
FNDA:2,(anonymous_17)
FNDA:3,(anonymous_18)
FNDA:3,(anonymous_19)
FNDA:6,(anonymous_20)
FNDA:3,(anonymous_21)
FNDA:8,(anonymous_22)
DA:1,1
DA:2,1
DA:3,1
DA:4,1
DA:5,1
DA:6,1
DA:10,11
DA:11,11
DA:12,11
DA:13,11
DA:14,8
DA:15,8
DA:16,8
DA:18,8
DA:22,5
DA:23,5
DA:25,5
DA:26,5
DA:29,5
DA:30,4
DA:31,4
DA:32,4
DA:33,4
DA:36,4
DA:38,0
DA:39,0
DA:43,5
DA:44,4
DA:45,4
DA:47,4
DA:48,4
DA:49,4
DA:53,5
DA:57,1
DA:58,1
DA:62,6
DA:63,6
DA:64,4
DA:67,2
DA:68,2
DA:74,2
DA:78,2
DA:79,2
DA:80,1
DA:82,1
DA:86,1
DA:87,1
DA:91,9
DA:92,9
DA:93,9
DA:96,6
DA:97,6
DA:98,6
DA:101,6
DA:102,6
DA:105,6
DA:106,6
DA:107,6
DA:108,2
DA:109,2
DA:112,6
DA:113,9
DA:114,9
DA:115,9
DA:120,11
DA:121,11
DA:123,11
DA:124,11
DA:125,11
DA:126,11
DA:128,11
DA:132,12
DA:135,12
DA:136,12
DA:137,12
DA:138,1
DA:142,11
DA:143,1
DA:147,10
DA:148,10
DA:149,1
DA:153,9
DA:154,9
DA:155,1
DA:159,8
DA:160,8
DA:161,8
DA:162,2
DA:166,8
DA:167,1
DA:171,7
DA:172,6
DA:173,6
DA:174,6
DA:175,1
DA:177,5
DA:178,1
DA:182,5
DA:189,5
DA:193,3
DA:194,3
DA:195,3
DA:197,3
DA:199,2
DA:200,2
DA:202,2
DA:203,2
DA:204,6
DA:209,3
DA:210,3
DA:211,3
DA:212,1
DA:216,8
DA:217,8
DA:218,8
DA:221,7
DA:222,5
DA:223,5
DA:224,5
DA:225,2
DA:229,5
DA:230,2
DA:233,3
DA:234,3
DA:238,1
LF:125
LH:123
BRDA:13,0,0,3
BRDA:13,0,1,8
BRDA:16,1,0,8
BRDA:16,1,1,6
BRDA:16,1,2,5
BRDA:33,2,0,1
BRDA:33,2,1,3
BRDA:43,3,0,4
BRDA:43,3,1,1
BRDA:49,4,0,4
BRDA:49,4,1,3
BRDA:49,4,2,2
BRDA:63,5,0,4
BRDA:63,5,1,2
BRDA:63,6,0,6
BRDA:63,6,1,5
BRDA:63,6,2,4
BRDA:63,6,3,3
BRDA:79,7,0,1
BRDA:79,7,1,1
BRDA:79,8,0,2
BRDA:79,8,1,1
BRDA:93,9,0,3
BRDA:93,9,1,6
BRDA:113,10,0,9
BRDA:113,10,1,8
BRDA:115,11,0,9
BRDA:115,11,1,7
BRDA:125,12,0,2
BRDA:125,12,1,9
BRDA:137,13,0,1
BRDA:137,13,1,11
BRDA:142,14,0,1
BRDA:142,14,1,10
BRDA:142,15,0,11
BRDA:142,15,1,10
BRDA:142,15,2,9
BRDA:148,16,0,1
BRDA:148,16,1,9
BRDA:154,17,0,1
BRDA:154,17,1,8
BRDA:162,18,0,2
BRDA:162,18,1,2
BRDA:162,18,2,2
BRDA:162,18,3,2
BRDA:166,19,0,1
BRDA:166,19,1,7
BRDA:171,20,0,6
BRDA:171,20,1,1
BRDA:174,21,0,1
BRDA:174,21,1,5
BRDA:177,22,0,1
BRDA:177,22,1,4
BRDA:184,23,0,5
BRDA:184,23,1,4
BRDA:185,24,0,2
BRDA:185,24,1,3
BRDA:185,25,0,5
BRDA:185,25,1,4
BRDA:197,26,0,1
BRDA:197,26,1,2
BRDA:204,27,0,6
BRDA:204,27,1,5
BRDA:204,27,2,4
BRDA:211,28,0,2
BRDA:211,28,1,1
BRDA:218,29,0,1
BRDA:218,29,1,7
BRDA:221,30,0,5
BRDA:221,30,1,2
BRDA:224,31,0,2
BRDA:224,31,1,3
BRDA:224,32,0,5
BRDA:224,32,1,4
BRDA:229,33,0,2
BRDA:229,33,1,3
BRF:76
BRH:76
end_of_record
TN:
SF:apps\services\NotificationService.js
FN:4,(anonymous_0)
FN:16,(anonymous_1)
FN:47,(anonymous_2)
FNF:3
FNH:3
FNDA:3,(anonymous_0)
FNDA:5,(anonymous_1)
FNDA:2,(anonymous_2)
DA:1,1
DA:2,1
DA:4,1
DA:5,3
DA:12,3
DA:17,5
DA:18,2
DA:19,2
DA:22,3
DA:25,3
DA:26,3
DA:43,1
DA:48,2
DA:49,2
DA:55,2
DA:59,1
LF:16
LH:16
BRDA:17,0,0,2
BRDA:17,0,1,3
BRDA:17,1,0,5
BRDA:17,1,1,4
BRDA:31,2,0,3
BRDA:31,2,1,2
BRF:6
BRH:6
end_of_record
